<?xml version="1.0" encoding="UTF-8"?>
<testng-results total="4" passed="4" failed="0" skipped="0">
  <reporter-output>
  </reporter-output>
  <suite started-at="2024-11-12T20:28:16Z" name="Default suite" finished-at="2024-11-12T20:28:17Z" duration-ms="1698">
    <groups>
    </groups>
    <test started-at="2024-11-12T20:28:16Z" name="Default test" finished-at="2024-11-12T20:28:17Z" duration-ms="1698">
      <class name="com.datacom.exercise.testcases.ContactUsTest">
        <test-method is-config="true" signature="setup()[pri:0, instance:com.datacom.exercise.testcases.ContactUsTest@64a896b0]" started-at="2024-11-13T04:28:10Z" name="setup" finished-at="2024-11-13T04:28:16Z" duration-ms="5911" status="PASS">
          <reporter-output>
          </reporter-output>
        </test-method> <!-- setup -->
        <test-method signature="testLocationItemTabs()[pri:0, instance:com.datacom.exercise.testcases.ContactUsTest@64a896b0]" started-at="2024-11-13T04:28:16Z" name="testLocationItemTabs" finished-at="2024-11-13T04:28:16Z" duration-ms="478" status="PASS">
          <reporter-output>
          </reporter-output>
        </test-method> <!-- testLocationItemTabs -->
        <test-method signature="testLocationTabsInformation()[pri:0, instance:com.datacom.exercise.testcases.ContactUsTest@64a896b0]" started-at="2024-11-13T04:28:16Z" name="testLocationTabsInformation" finished-at="2024-11-13T04:28:17Z" duration-ms="1005" status="PASS">
          <reporter-output>
          </reporter-output>
        </test-method> <!-- testLocationTabsInformation -->
        <test-method signature="testNavigationToContactUsPage()[pri:0, instance:com.datacom.exercise.testcases.ContactUsTest@64a896b0]" started-at="2024-11-13T04:28:17Z" name="testNavigationToContactUsPage" finished-at="2024-11-13T04:28:17Z" duration-ms="83" status="PASS">
          <reporter-output>
          </reporter-output>
        </test-method> <!-- testNavigationToContactUsPage -->
        <test-method signature="testOurLocationsHdrAndBodyText()[pri:0, instance:com.datacom.exercise.testcases.ContactUsTest@64a896b0]" started-at="2024-11-13T04:28:17Z" name="testOurLocationsHdrAndBodyText" finished-at="2024-11-13T04:28:17Z" duration-ms="120" status="PASS">
          <reporter-output>
          </reporter-output>
        </test-method> <!-- testOurLocationsHdrAndBodyText -->
        <test-method is-config="true" signature="tearDown()[pri:0, instance:com.datacom.exercise.testcases.ContactUsTest@64a896b0]" started-at="2024-11-13T04:28:17Z" name="tearDown" finished-at="2024-11-13T04:28:18Z" duration-ms="279" status="PASS">
          <reporter-output>
          </reporter-output>
        </test-method> <!-- tearDown -->
      </class> <!-- com.datacom.exercise.testcases.ContactUsTest -->
    </test> <!-- Default test -->
  </suite> <!-- Default suite -->
</testng-results>
